<?xml version="1.0" encoding="UTF-8"?>
<coverage generated="1747830337760" clover="3.2.0">
  <project timestamp="1747830337760" name="All files">
    <metrics statements="26" coveredstatements="25" conditionals="0" coveredconditionals="0" methods="7" coveredmethods="6" elements="33" coveredelements="31" complexity="0" loc="26" ncloc="26" packages="1" files="3" classes="3"/>
    <file name="index.js" path="C:\Users\Shweta Agrawal\coverage-evaluation\src\index.js">
      <metrics statements="15" coveredstatements="14" conditionals="0" coveredconditionals="0" methods="3" coveredmethods="2"/>
      <line num="2" count="1" type="stmt"/>
      <line num="3" count="1" type="stmt"/>
      <line num="9" count="3" type="stmt"/>
      <line num="10" count="3" type="stmt"/>
      <line num="11" count="3" type="stmt"/>
      <line num="14" count="0" type="stmt"/>
      <line num="20" count="2" type="stmt"/>
      <line num="21" count="2" type="stmt"/>
      <line num="23" count="2" type="stmt"/>
      <line num="24" count="2" type="stmt"/>
      <line num="26" count="2" type="stmt"/>
      <line num="28" count="2" type="stmt"/>
      <line num="29" count="2" type="stmt"/>
      <line num="32" count="1" type="stmt"/>
      <line num="34" count="1" type="stmt"/>
    </file>
    <file name="services.js" path="C:\Users\Shweta Agrawal\coverage-evaluation\src\services.js">
      <metrics statements="6" coveredstatements="6" conditionals="0" coveredconditionals="0" methods="3" coveredmethods="3"/>
      <line num="1" count="1" type="stmt"/>
      <line num="10" count="4" type="stmt"/>
      <line num="11" count="4" type="stmt"/>
      <line num="12" count="4" type="stmt"/>
      <line num="23" count="7" type="stmt"/>
      <line num="26" count="1" type="stmt"/>
    </file>
    <file name="utils.js" path="C:\Users\Shweta Agrawal\coverage-evaluation\src\utils.js">
      <metrics statements="5" coveredstatements="5" conditionals="0" coveredconditionals="0" methods="1" coveredmethods="1"/>
      <line num="8" count="3" type="stmt"/>
      <line num="9" count="3" type="stmt"/>
      <line num="10" count="3" type="stmt"/>
      <line num="11" count="3" type="stmt"/>
      <line num="14" count="1" type="stmt"/>
    </file>
  </project>
</coverage>
