<?xml version="1.0" encoding="UTF-8"?>
<coverage generated="1747658641066" clover="3.2.0">
  <project timestamp="1747658641066" name="All files">
    <metrics statements="27" coveredstatements="25" conditionals="0" coveredconditionals="0" methods="8" coveredmethods="6" elements="35" coveredelements="31" complexity="0" loc="27" ncloc="27" packages="1" files="3" classes="3"/>
    <file name="index.js" path="C:\Users\Shweta Agrawal\coverage-evaluation\src\index.js">
      <metrics statements="15" coveredstatements="14" conditionals="0" coveredconditionals="0" methods="3" coveredmethods="2"/>
      <line num="2" count="1" type="stmt"/>
      <line num="3" count="1" type="stmt"/>
      <line num="9" count="3" type="stmt"/>
      <line num="10" count="3" type="stmt"/>
      <line num="11" count="3" type="stmt"/>
      <line num="14" count="0" type="stmt"/>
      <line num="21" count="2" type="stmt"/>
      <line num="22" count="2" type="stmt"/>
      <line num="24" count="2" type="stmt"/>
      <line num="25" count="2" type="stmt"/>
      <line num="27" count="2" type="stmt"/>
      <line num="29" count="2" type="stmt"/>
      <line num="30" count="2" type="stmt"/>
      <line num="33" count="1" type="stmt"/>
      <line num="35" count="1" type="stmt"/>
    </file>
    <file name="services.js" path="C:\Users\Shweta Agrawal\coverage-evaluation\src\services.js">
      <metrics statements="7" coveredstatements="6" conditionals="0" coveredconditionals="0" methods="4" coveredmethods="3"/>
      <line num="1" count="1" type="stmt"/>
      <line num="10" count="4" type="stmt"/>
      <line num="11" count="4" type="stmt"/>
      <line num="12" count="4" type="stmt"/>
      <line num="15" count="0" type="stmt"/>
      <line num="24" count="7" type="stmt"/>
      <line num="27" count="1" type="stmt"/>
    </file>
    <file name="utils.js" path="C:\Users\Shweta Agrawal\coverage-evaluation\src\utils.js">
      <metrics statements="5" coveredstatements="5" conditionals="0" coveredconditionals="0" methods="1" coveredmethods="1"/>
      <line num="8" count="3" type="stmt"/>
      <line num="9" count="3" type="stmt"/>
      <line num="10" count="3" type="stmt"/>
      <line num="11" count="3" type="stmt"/>
      <line num="14" count="1" type="stmt"/>
    </file>
  </project>
</coverage>
