{"C:\\Users\\Shweta Agrawal\\coverage-evaluation\\src\\index.js": {"path":"C:\\Users\\Shweta Agrawal\\coverage-evaluation\\src\\index.js","statementMap":{"0":{"start":{"line":2,"column":29},"end":{"line":2,"column":50}},"1":{"start":{"line":3,"column":23},"end":{"line":3,"column":41}},"2":{"start":{"line":9,"column":12},"end":{"line":9,"column":14}},"3":{"start":{"line":10,"column":12},"end":{"line":10,"column":14}},"4":{"start":{"line":11,"column":2},"end":{"line":11,"column":15}},"5":{"start":{"line":18,"column":15},"end":{"line":18,"column":35}},"6":{"start":{"line":19,"column":2},"end":{"line":19,"column":35}},"7":{"start":{"line":21,"column":22},"end":{"line":21,"column":38}},"8":{"start":{"line":22,"column":2},"end":{"line":22,"column":44}},"9":{"start":{"line":24,"column":2},"end":{"line":24,"column":57}},"10":{"start":{"line":26,"column":17},"end":{"line":26,"column":30}},"11":{"start":{"line":27,"column":2},"end":{"line":27,"column":50}},"12":{"start":{"line":30,"column":0},"end":{"line":30,"column":69}},"13":{"start":{"line":32,"column":0},"end":{"line":32,"column":7}}},"fnMap":{"0":{"name":"newFunction","decl":{"start":{"line":8,"column":9},"end":{"line":8,"column":20}},"loc":{"start":{"line":8,"column":23},"end":{"line":12,"column":1}},"line":8},"1":{"name":"main","decl":{"start":{"line":17,"column":9},"end":{"line":17,"column":13}},"loc":{"start":{"line":17,"column":16},"end":{"line":28,"column":1}},"line":17}},"branchMap":{},"s":{"0":1,"1":1,"2":3,"3":3,"4":3,"5":2,"6":2,"7":2,"8":2,"9":2,"10":2,"11":2,"12":1,"13":1},"f":{"0":3,"1":2},"b":{},"_coverageSchema":"1a1c01bbd47fc00a2c39e90264f33305004495a9","hash":"914bceaee2c7299e5f8bda2c6ee60e08e3cefac9"}
,"C:\\Users\\Shweta Agrawal\\coverage-evaluation\\src\\services.js": {"path":"C:\\Users\\Shweta Agrawal\\coverage-evaluation\\src\\services.js","statementMap":{"0":{"start":{"line":1,"column":12},"end":{"line":1,"column":14}},"1":{"start":{"line":10,"column":15},"end":{"line":10,"column":62}},"2":{"start":{"line":11,"column":2},"end":{"line":11,"column":19}},"3":{"start":{"line":12,"column":2},"end":{"line":12,"column":14}},"4":{"start":{"line":22,"column":2},"end":{"line":22,"column":46}},"5":{"start":{"line":22,"column":30},"end":{"line":22,"column":44}},"6":{"start":{"line":25,"column":0},"end":{"line":25,"column":38}}},"fnMap":{"0":{"name":"addItem","decl":{"start":{"line":9,"column":9},"end":{"line":9,"column":16}},"loc":{"start":{"line":9,"column":23},"end":{"line":13,"column":1}},"line":9},"1":{"name":"getItem","decl":{"start":{"line":21,"column":9},"end":{"line":21,"column":16}},"loc":{"start":{"line":21,"column":21},"end":{"line":23,"column":1}},"line":21},"2":{"name":"(anonymous_2)","decl":{"start":{"line":22,"column":20},"end":{"line":22,"column":21}},"loc":{"start":{"line":22,"column":30},"end":{"line":22,"column":44}},"line":22}},"branchMap":{},"s":{"0":1,"1":4,"2":4,"3":4,"4":3,"5":7,"6":1},"f":{"0":4,"1":3,"2":7},"b":{},"_coverageSchema":"1a1c01bbd47fc00a2c39e90264f33305004495a9","hash":"2ec2e8a57b812522e926fb6e5fd1a457c846272b"}
,"C:\\Users\\Shweta Agrawal\\coverage-evaluation\\src\\utils.js": {"path":"C:\\Users\\Shweta Agrawal\\coverage-evaluation\\src\\utils.js","statementMap":{"0":{"start":{"line":8,"column":15},"end":{"line":8,"column":36}},"1":{"start":{"line":9,"column":16},"end":{"line":9,"column":63}},"2":{"start":{"line":10,"column":14},"end":{"line":10,"column":56}},"3":{"start":{"line":11,"column":2},"end":{"line":11,"column":35}},"4":{"start":{"line":14,"column":0},"end":{"line":14,"column":32}}},"fnMap":{"0":{"name":"formatDate","decl":{"start":{"line":7,"column":9},"end":{"line":7,"column":19}},"loc":{"start":{"line":7,"column":26},"end":{"line":12,"column":1}},"line":7}},"branchMap":{},"s":{"0":3,"1":3,"2":3,"3":3,"4":1},"f":{"0":3},"b":{},"_coverageSchema":"1a1c01bbd47fc00a2c39e90264f33305004495a9","hash":"85ff056699c9a1415b04b19b013abb0ea98af98c"}
}
