{"C:\\Users\\Shweta Agrawal\\coverage-evaluation\\src\\index.js": {"path":"C:\\Users\\Shweta Agrawal\\coverage-evaluation\\src\\index.js","statementMap":{"0":{"start":{"line":2,"column":29},"end":{"line":2,"column":50}},"1":{"start":{"line":3,"column":23},"end":{"line":3,"column":41}},"2":{"start":{"line":9,"column":12},"end":{"line":9,"column":14}},"3":{"start":{"line":10,"column":12},"end":{"line":10,"column":14}},"4":{"start":{"line":11,"column":2},"end":{"line":11,"column":15}},"5":{"start":{"line":14,"column":2},"end":{"line":14,"column":35}},"6":{"start":{"line":21,"column":15},"end":{"line":21,"column":35}},"7":{"start":{"line":22,"column":2},"end":{"line":22,"column":35}},"8":{"start":{"line":24,"column":22},"end":{"line":24,"column":38}},"9":{"start":{"line":25,"column":2},"end":{"line":25,"column":44}},"10":{"start":{"line":27,"column":2},"end":{"line":27,"column":57}},"11":{"start":{"line":29,"column":17},"end":{"line":29,"column":30}},"12":{"start":{"line":30,"column":2},"end":{"line":30,"column":50}},"13":{"start":{"line":33,"column":0},"end":{"line":33,"column":69}},"14":{"start":{"line":35,"column":0},"end":{"line":35,"column":7}}},"fnMap":{"0":{"name":"newFunction","decl":{"start":{"line":8,"column":9},"end":{"line":8,"column":20}},"loc":{"start":{"line":8,"column":23},"end":{"line":12,"column":1}},"line":8},"1":{"name":"uncoveredFunction","decl":{"start":{"line":13,"column":9},"end":{"line":13,"column":26}},"loc":{"start":{"line":13,"column":29},"end":{"line":15,"column":1}},"line":13},"2":{"name":"main","decl":{"start":{"line":20,"column":9},"end":{"line":20,"column":13}},"loc":{"start":{"line":20,"column":16},"end":{"line":31,"column":1}},"line":20}},"branchMap":{},"s":{"0":1,"1":1,"2":3,"3":3,"4":3,"5":0,"6":2,"7":2,"8":2,"9":2,"10":2,"11":2,"12":2,"13":1,"14":1},"f":{"0":3,"1":0,"2":2},"b":{},"_coverageSchema":"1a1c01bbd47fc00a2c39e90264f33305004495a9","hash":"5c72c59d48d9fb7bf977ed8578c1c9dd274e7d9c"}
,"C:\\Users\\Shweta Agrawal\\coverage-evaluation\\src\\services.js": {"path":"C:\\Users\\Shweta Agrawal\\coverage-evaluation\\src\\services.js","statementMap":{"0":{"start":{"line":1,"column":12},"end":{"line":1,"column":14}},"1":{"start":{"line":10,"column":15},"end":{"line":10,"column":62}},"2":{"start":{"line":11,"column":2},"end":{"line":11,"column":19}},"3":{"start":{"line":12,"column":2},"end":{"line":12,"column":14}},"4":{"start":{"line":15,"column":2},"end":{"line":15,"column":35}},"5":{"start":{"line":24,"column":2},"end":{"line":24,"column":46}},"6":{"start":{"line":24,"column":30},"end":{"line":24,"column":44}},"7":{"start":{"line":27,"column":0},"end":{"line":27,"column":38}}},"fnMap":{"0":{"name":"addItem","decl":{"start":{"line":9,"column":9},"end":{"line":9,"column":16}},"loc":{"start":{"line":9,"column":23},"end":{"line":13,"column":1}},"line":9},"1":{"name":"uncoveredFunction","decl":{"start":{"line":14,"column":9},"end":{"line":14,"column":26}},"loc":{"start":{"line":14,"column":29},"end":{"line":16,"column":1}},"line":14},"2":{"name":"getItem","decl":{"start":{"line":23,"column":9},"end":{"line":23,"column":16}},"loc":{"start":{"line":23,"column":21},"end":{"line":25,"column":1}},"line":23},"3":{"name":"(anonymous_3)","decl":{"start":{"line":24,"column":20},"end":{"line":24,"column":21}},"loc":{"start":{"line":24,"column":30},"end":{"line":24,"column":44}},"line":24}},"branchMap":{},"s":{"0":1,"1":4,"2":4,"3":4,"4":0,"5":3,"6":7,"7":1},"f":{"0":4,"1":0,"2":3,"3":7},"b":{},"_coverageSchema":"1a1c01bbd47fc00a2c39e90264f33305004495a9","hash":"1d93e3ebda2ef8c4a10b6f2f7a932b2824685e17"}
,"C:\\Users\\Shweta Agrawal\\coverage-evaluation\\src\\utils.js": {"path":"C:\\Users\\Shweta Agrawal\\coverage-evaluation\\src\\utils.js","statementMap":{"0":{"start":{"line":8,"column":15},"end":{"line":8,"column":36}},"1":{"start":{"line":9,"column":16},"end":{"line":9,"column":63}},"2":{"start":{"line":10,"column":14},"end":{"line":10,"column":56}},"3":{"start":{"line":11,"column":2},"end":{"line":11,"column":35}},"4":{"start":{"line":14,"column":0},"end":{"line":14,"column":32}}},"fnMap":{"0":{"name":"formatDate","decl":{"start":{"line":7,"column":9},"end":{"line":7,"column":19}},"loc":{"start":{"line":7,"column":26},"end":{"line":12,"column":1}},"line":7}},"branchMap":{},"s":{"0":3,"1":3,"2":3,"3":3,"4":1},"f":{"0":3},"b":{},"_coverageSchema":"1a1c01bbd47fc00a2c39e90264f33305004495a9","hash":"85ff056699c9a1415b04b19b013abb0ea98af98c"}
}
