TN:
SF:src\index.js
FN:8,newFunction
FN:13,uncoveredFunction
FN:20,main
FNF:3
FNH:2
FNDA:3,newFunction
FNDA:0,uncoveredFunction
FNDA:2,main
DA:2,1
DA:3,1
DA:9,3
DA:10,3
DA:11,3
DA:14,0
DA:21,2
DA:22,2
DA:24,2
DA:25,2
DA:27,2
DA:29,2
DA:30,2
DA:33,1
DA:35,1
LF:15
LH:14
BRF:0
BRH:0
end_of_record
TN:
SF:src\services.js
FN:9,addItem
FN:14,uncoveredFunction
FN:23,getItem
FN:24,(anonymous_3)
FNF:4
FNH:3
FNDA:4,addItem
FNDA:0,uncoveredFunction
FNDA:3,getItem
FNDA:7,(anonymous_3)
DA:1,1
DA:10,4
DA:11,4
DA:12,4
DA:15,0
DA:24,7
DA:27,1
LF:7
LH:6
BRF:0
BRH:0
end_of_record
TN:
SF:src\utils.js
FN:7,formatDate
FNF:1
FNH:1
FNDA:3,formatDate
DA:8,3
DA:9,3
DA:10,3
DA:11,3
DA:14,1
LF:5
LH:5
BRF:0
BRH:0
end_of_record
