TN:
SF:src\index.js
FN:8,newFunction
FN:13,newFunction2
FN:19,main
FNF:3
FNH:2
FNDA:3,newFunction
FNDA:0,newFunction2
FNDA:2,main
DA:2,1
DA:3,1
DA:9,3
DA:10,3
DA:11,3
DA:14,0
DA:20,2
DA:21,2
DA:23,2
DA:24,2
DA:26,2
DA:28,2
DA:29,2
DA:32,1
DA:34,1
LF:15
LH:14
BRF:0
BRH:0
end_of_record
TN:
SF:src\services.js
FN:9,addItem
FN:22,getItem
FN:23,(anonymous_2)
FNF:3
FNH:3
FNDA:4,addItem
FNDA:3,getItem
FNDA:7,(anonymous_2)
DA:1,1
DA:10,4
DA:11,4
DA:12,4
DA:23,7
DA:26,1
LF:6
LH:6
BRF:0
BRH:0
end_of_record
TN:
SF:src\utils.js
FN:7,formatDate
FNF:1
FNH:1
FNDA:3,formatDate
DA:8,3
DA:9,3
DA:10,3
DA:11,3
DA:14,1
LF:5
LH:5
BRF:0
BRH:0
end_of_record
